<?xml version="1.0" encoding="UTF-8"?>
<!-- Generated by org.testng.reporters.JUnitReportReporter -->
<testsuite hostname="DESKTOP-EFLV044" failures="0" tests="1" name="com.mouseaction.pom.MouseOver" time="0.015" errors="0" timestamp="09 Jun 2023 10:26:00 GMT" skipped="0">
  <testcase classname="com.mouseaction.pom.MouseOver" name="testMouseOver" time="0.015"/>
</testsuite> <!-- com.mouseaction.pom.MouseOver -->
